11:01:21 **** Incremental Build of configuration Nios II for project Memory_Access_tests ****
make all 
Info: Building ../Memory_Access_tests_bsp/
C:/intelFPGA/18.1/nios2eds/bin/gnu/H-x86_64-mingw32/bin/make --no-print-directory -C ../Memory_Access_tests_bsp/
[BSP build complete]
Info: Compiling memory_tets.c to obj/default/memory_tets.o
nios2-elf-gcc -xc -MP -MMD -c -I../Memory_Access_tests_bsp//HAL/inc -I../Memory_Access_tests_bsp/ -I../Memory_Access_tests_bsp//drivers/inc  -pipe -D__hal__ -DALT_NO_C_PLUS_PLUS -DALT_NO_INSTRUCTION_EMULATION -DALT_USE_SMALL_DRIVERS -DSMALL_C_LIB -DALT_SINGLE_THREADED    -O0 -g -Wall   -mno-hw-div -mno-hw-mul -mno-hw-mulx -mgpopt=global  -o obj/default/memory_tets.o memory_tets.c
memory_tets.c: In function 'RAM_test':
memory_tets.c:49:13: warning: format '%x' expects argument of type 'unsigned int', but argument 2 has type 'uint32 {aka long unsigned int}' [-Wformat=]
      printf("Error-> Address: 0x%x, Read: 0x%x, Expected: 0x%x", i, test_data, temp);
             ^
memory_tets.c:49:13: warning: format '%x' expects argument of type 'unsigned int', but argument 3 has type 'uint32 {aka long unsigned int}' [-Wformat=]
memory_tets.c:49:13: warning: format '%x' expects argument of type 'unsigned int', but argument 4 has type 'uint32 {aka long unsigned int}' [-Wformat=]
memory_tets.c:49:13: warning: format '%x' expects argument of type 'unsigned int', but argument 2 has type 'uint32 {aka long unsigned int}' [-Wformat=]
memory_tets.c:49:13: warning: format '%x' expects argument of type 'unsigned int', but argument 3 has type 'uint32 {aka long unsigned int}' [-Wformat=]
memory_tets.c:49:13: warning: format '%x' expects argument of type 'unsigned int', but argument 4 has type 'uint32 {aka long unsigned int}' [-Wformat=]
memory_tets.c:73:13: warning: format '%x' expects argument of type 'unsigned int', but argument 2 has type 'long unsigned int' [-Wformat=]
      printf("Error-> Address: 0x%x, Read: 0x%x, Expected: 0x%x", i*2, test_data, temp);
             ^
memory_tets.c:73:13: warning: format '%x' expects argument of type 'unsigned int', but argument 3 has type 'uint32 {aka long unsigned int}' [-Wformat=]
memory_tets.c:73:13: warning: format '%x' expects argument of type 'unsigned int', but argument 4 has type 'uint32 {aka long unsigned int}' [-Wformat=]
memory_tets.c:73:13: warning: format '%x' expects argument of type 'unsigned int', but argument 2 has type 'long unsigned int' [-Wformat=]
memory_tets.c:73:13: warning: format '%x' expects argument of type 'unsigned int', but argument 3 has type 'uint32 {aka long unsigned int}' [-Wformat=]
memory_tets.c:73:13: warning: format '%x' expects argument of type 'unsigned int', but argument 4 has type 'uint32 {aka long unsigned int}' [-Wformat=]
memory_tets.c:96:13: warning: format '%x' expects argument of type 'unsigned int', but argument 2 has type 'long unsigned int' [-Wformat=]
      printf("Error-> Address: 0x%x, Read: 0x%x, Expected: 0x%x", i*4, test_data, temp);
             ^
memory_tets.c:96:13: warning: format '%x' expects argument of type 'unsigned int', but argument 3 has type 'uint32 {aka long unsigned int}' [-Wformat=]
memory_tets.c:96:13: warning: format '%x' expects argument of type 'unsigned int', but argument 4 has type 'uint32 {aka long unsigned int}' [-Wformat=]
memory_tets.c:96:13: warning: format '%x' expects argument of type 'unsigned int', but argument 2 has type 'long unsigned int' [-Wformat=]
memory_tets.c:96:13: warning: format '%x' expects argument of type 'unsigned int', but argument 3 has type 'uint32 {aka long unsigned int}' [-Wformat=]
memory_tets.c:96:13: warning: format '%x' expects argument of type 'unsigned int', but argument 4 has type 'uint32 {aka long unsigned int}' [-Wformat=]
Info: Linking Memory_Access_tests.elf
nios2-elf-g++  -T'../Memory_Access_tests_bsp//linker.x' -msys-crt0='../Memory_Access_tests_bsp//obj/HAL/src/crt0.o' -msys-lib=hal_bsp -L../Memory_Access_tests_bsp/  -msmallc  -Wl,-Map=Memory_Access_tests.map   -O0 -g -Wall   -mno-hw-div -mno-hw-mul -mno-hw-mulx -mgpopt=global  -o Memory_Access_tests.elf obj/default/memory_tets.o -lm -msys-lib=m
nios2-elf-insert Memory_Access_tests.elf --thread_model hal --cpu_name nios2_gen2_0 --qsys true --simulation_enabled false --id 1 --sidp 0x9020 --timestamp 1668034169 --stderr_dev jtag_uart_0 --stdin_dev jtag_uart_0 --stdout_dev jtag_uart_0 --sopc_system_name nios_system_inst --quartus_project_dir "S:/CPET_561_GIT/De1_Soc_Lab7/hw" --jdi ../..//output_files/Embedded_memory.jdi --sopcinfo S:/CPET_561_GIT/De1_Soc_Lab7/hw/software/Memory_Access_tests_bsp/../../nios_system_inst.sopcinfo
Info: (Memory_Access_tests.elf) 8528 Bytes program size (code + initialized data).
Info:                           7120 Bytes free for stack + heap.
Info: Creating Memory_Access_tests.objdump
nios2-elf-objdump --disassemble --syms --all-header --source Memory_Access_tests.elf >Memory_Access_tests.objdump
[Memory_Access_tests build complete]
