20:54:51 **** Incremental Build of configuration Nios II for project Arbitration_demo ****
make all 
Info: Building ../Arbitration_demo_bsp/
D:/Quartus_lite_18.1/nios2eds/bin/gnu/H-x86_64-mingw32/bin/make --no-print-directory -C ../Arbitration_demo_bsp/
[BSP build complete]
Info: Compiling Arbitration_part1.c to obj/default/Arbitration_part1.o
nios2-elf-gcc -xc -MP -MMD -c -I../Arbitration_demo_bsp//HAL/inc -I../Arbitration_demo_bsp/ -I../Arbitration_demo_bsp//drivers/inc  -pipe -D__hal__ -DALT_NO_INSTRUCTION_EMULATION -DALT_SINGLE_THREADED    -O0 -g -Wall   -mno-hw-div -mno-hw-mul -mno-hw-mulx -mgpopt=global  -o obj/default/Arbitration_part1.o Arbitration_part1.c
Arbitration_part1.c: In function 'main':
Arbitration_part1.c:97:9: warning: unused variable 'fail' [-Wunused-variable]
   uint8 fail = 0;
         ^
Info: Linking Arbitration_demo.elf
nios2-elf-g++  -T'../Arbitration_demo_bsp//linker.x' -msys-crt0='../Arbitration_demo_bsp//obj/HAL/src/crt0.o' -msys-lib=hal_bsp -L../Arbitration_demo_bsp/   -Wl,-Map=Arbitration_demo.map   -O0 -g -Wall   -mno-hw-div -mno-hw-mul -mno-hw-mulx -mgpopt=global  -o Arbitration_demo.elf obj/default/Arbitration_part1.o -lm -msys-lib=m
nios2-elf-insert Arbitration_demo.elf --thread_model hal --cpu_name nios2_gen2_0 --qsys true --simulation_enabled false --id 1 --sidp 0x1810 --timestamp 1669253201 --stderr_dev jtag_uart_0 --stdin_dev jtag_uart_0 --stdout_dev jtag_uart_0 --sopc_system_name nios_system --quartus_project_dir "D:/CPET_561_GIT/demo8/hw" --jdi ../..//output_files/Arbitration_demo.jdi --sopcinfo D:/CPET_561_GIT/demo8/hw/software/Arbitration_demo_bsp/../../nios_system.sopcinfo
Info: (Arbitration_demo.elf) 15 KBytes program size (code + initialized data).
Info:                        11 KBytes free for stack + heap.
Info: Creating Arbitration_demo.objdump
nios2-elf-objdump --disassemble --syms --all-header --source Arbitration_demo.elf >Arbitration_demo.objdump
[Arbitration_demo build complete]
20:55:40 **** Incremental Build of configuration Nios II for project Arbitration_demo ****
make all 
Info: Building ../Arbitration_demo_bsp/
D:/Quartus_lite_18.1/nios2eds/bin/gnu/H-x86_64-mingw32/bin/make --no-print-directory -C ../Arbitration_demo_bsp/
[BSP build complete]
[Arbitration_demo build complete]
20:57:32 **** Incremental Build of configuration Nios II for project Arbitration_demo ****
make all 
Info: Building ../Arbitration_demo_bsp/
D:/Quartus_lite_18.1/nios2eds/bin/gnu/H-x86_64-mingw32/bin/make --no-print-directory -C ../Arbitration_demo_bsp/
[BSP build complete]
[Arbitration_demo build complete]
