Flow report for ServoController
Fri Oct 21 11:30:52 2022
Quartus Prime Version 18.1.0 Build 625 09/12/2018 SJ Standard Edition


---------------------
; Table of Contents ;
---------------------
  1. Legal Notice
  2. Flow Summary
  3. Flow Settings
  4. Flow Non-Default Global Settings
  5. Flow Elapsed Time
  6. Flow OS Summary
  7. Flow Log
  8. Flow Messages
  9. Flow Suppressed Messages



----------------
; Legal Notice ;
----------------
Copyright (C) 2018  Intel Corporation. All rights reserved.
Your use of Intel Corporation's design tools, logic functions 
and other software and tools, and its AMPP partner logic 
functions, and any output files from any of the foregoing 
(including device programming or simulation files), and any 
associated documentation or information are expressly subject 
to the terms and conditions of the Intel Program License 
Subscription Agreement, the Intel Quartus Prime License Agreement,
the Intel FPGA IP License Agreement, or other applicable license
agreement, including, without limitation, that your use is for
the sole purpose of programming logic devices manufactured by
Intel and sold by Intel or its authorized distributors.  Please
refer to the applicable agreement for further details.



+-----------------------------------------------------------------------------------+
; Flow Summary                                                                      ;
+---------------------------------+-------------------------------------------------+
; Flow Status                     ; Successful - Fri Oct 21 11:30:41 2022           ;
; Quartus Prime Version           ; 18.1.0 Build 625 09/12/2018 SJ Standard Edition ;
; Revision Name                   ; ServoController                                 ;
; Top-level Entity Name           ; top                                             ;
; Family                          ; Cyclone V                                       ;
; Device                          ; 5CSEMA5F31C6                                    ;
; Timing Models                   ; Final                                           ;
; Logic utilization (in ALMs)     ; 1,593 / 32,070 ( 5 % )                          ;
; Total registers                 ; 3224                                            ;
; Total pins                      ; 49 / 457 ( 11 % )                               ;
; Total virtual pins              ; 0                                               ;
; Total block memory bits         ; 289,920 / 4,065,280 ( 7 % )                     ;
; Total DSP Blocks                ; 0 / 87 ( 0 % )                                  ;
; Total HSSI RX PCSs              ; 0                                               ;
; Total HSSI PMA RX Deserializers ; 0                                               ;
; Total HSSI TX PCSs              ; 0                                               ;
; Total HSSI PMA TX Serializers   ; 0                                               ;
; Total PLLs                      ; 0 / 6 ( 0 % )                                   ;
; Total DLLs                      ; 0 / 4 ( 0 % )                                   ;
+---------------------------------+-------------------------------------------------+


+-----------------------------------------+
; Flow Settings                           ;
+-------------------+---------------------+
; Option            ; Setting             ;
+-------------------+---------------------+
; Start date & time ; 10/21/2022 11:27:35 ;
; Main task         ; Compilation         ;
; Revision Name     ; ServoController     ;
+-------------------+---------------------+


+----------------------------------------------------------------------------------------------------------------------------------------------------------------------------+
; Flow Non-Default Global Settings                                                                                                                                           ;
+-------------------------------------+-----------------------------------------------------------------------------------+-----------------+-------------+------------------+
; Assignment Name                     ; Value                                                                             ; Default Value   ; Entity Name ; Section Id       ;
+-------------------------------------+-----------------------------------------------------------------------------------+-----------------+-------------+------------------+
; COMPILER_SIGNATURE_ID               ; 194042950431224.166636605514756                                                   ; --              ; --          ; --               ;
; ENABLE_SIGNALTAP                    ; On                                                                                ; --              ; --          ; --               ;
; MAX_CORE_JUNCTION_TEMP              ; 85                                                                                ; --              ; --          ; --               ;
; MIN_CORE_JUNCTION_TEMP              ; 0                                                                                 ; --              ; --          ; --               ;
; PARTITION_COLOR                     ; -- (Not supported for targeted family)                                            ; --              ; top         ; Top              ;
; PARTITION_FITTER_PRESERVATION_LEVEL ; -- (Not supported for targeted family)                                            ; --              ; top         ; Top              ;
; PARTITION_NETLIST_TYPE              ; -- (Not supported for targeted family)                                            ; --              ; top         ; Top              ;
; POWER_BOARD_THERMAL_MODEL           ; None (CONSERVATIVE)                                                               ; --              ; --          ; --               ;
; POWER_PRESET_COOLING_SOLUTION       ; 23 MM HEAT SINK WITH 200 LFPM AIRFLOW                                             ; --              ; --          ; --               ;
; PROJECT_OUTPUT_DIRECTORY            ; output_files                                                                      ; --              ; --          ; --               ;
; SLD_FILE                            ; db/stp1_auto_stripped.stp                                                         ; --              ; --          ; --               ;
; SLD_NODE_CREATOR_ID                 ; 110                                                                               ; --              ; --          ; auto_signaltap_0 ;
; SLD_NODE_ENTITY_NAME                ; sld_signaltap                                                                     ; --              ; --          ; auto_signaltap_0 ;
; SLD_NODE_PARAMETER_ASSIGNMENT       ; SLD_RAM_BLOCK_TYPE=AUTO                                                           ; --              ; --          ; auto_signaltap_0 ;
; SLD_NODE_PARAMETER_ASSIGNMENT       ; SLD_DATA_BITS=129                                                                 ; --              ; --          ; auto_signaltap_0 ;
; SLD_NODE_PARAMETER_ASSIGNMENT       ; SLD_TRIGGER_BITS=129                                                              ; --              ; --          ; auto_signaltap_0 ;
; SLD_NODE_PARAMETER_ASSIGNMENT       ; SLD_STORAGE_QUALIFIER_BITS=129                                                    ; --              ; --          ; auto_signaltap_0 ;
; SLD_NODE_PARAMETER_ASSIGNMENT       ; SLD_NODE_INFO=805334528                                                           ; --              ; --          ; auto_signaltap_0 ;
; SLD_NODE_PARAMETER_ASSIGNMENT       ; SLD_POWER_UP_TRIGGER=0                                                            ; --              ; --          ; auto_signaltap_0 ;
; SLD_NODE_PARAMETER_ASSIGNMENT       ; SLD_INVERSION_MASK=000000000000000000000                                          ; --              ; --          ; auto_signaltap_0 ;
; SLD_NODE_PARAMETER_ASSIGNMENT       ; SLD_INVERSION_MASK_LENGTH=21                                                      ; --              ; --          ; auto_signaltap_0 ;
; SLD_NODE_PARAMETER_ASSIGNMENT       ; SLD_STORAGE_QUALIFIER_INVERSION_MASK_LENGTH=0                                     ; --              ; --          ; auto_signaltap_0 ;
; SLD_NODE_PARAMETER_ASSIGNMENT       ; SLD_SEGMENT_SIZE=128                                                              ; --              ; --          ; auto_signaltap_0 ;
; SLD_NODE_PARAMETER_ASSIGNMENT       ; SLD_ATTRIBUTE_MEM_MODE=OFF                                                        ; --              ; --          ; auto_signaltap_0 ;
; SLD_NODE_PARAMETER_ASSIGNMENT       ; SLD_STATE_FLOW_USE_GENERATED=0                                                    ; --              ; --          ; auto_signaltap_0 ;
; SLD_NODE_PARAMETER_ASSIGNMENT       ; SLD_STATE_BITS=11                                                                 ; --              ; --          ; auto_signaltap_0 ;
; SLD_NODE_PARAMETER_ASSIGNMENT       ; SLD_BUFFER_FULL_STOP=1                                                            ; --              ; --          ; auto_signaltap_0 ;
; SLD_NODE_PARAMETER_ASSIGNMENT       ; SLD_CURRENT_RESOURCE_WIDTH=1                                                      ; --              ; --          ; auto_signaltap_0 ;
; SLD_NODE_PARAMETER_ASSIGNMENT       ; SLD_INCREMENTAL_ROUTING=1                                                         ; --              ; --          ; auto_signaltap_0 ;
; SLD_NODE_PARAMETER_ASSIGNMENT       ; SLD_TRIGGER_LEVEL=1                                                               ; --              ; --          ; auto_signaltap_0 ;
; SLD_NODE_PARAMETER_ASSIGNMENT       ; SLD_SAMPLE_DEPTH=128                                                              ; --              ; --          ; auto_signaltap_0 ;
; SLD_NODE_PARAMETER_ASSIGNMENT       ; SLD_TRIGGER_IN_ENABLED=0                                                          ; --              ; --          ; auto_signaltap_0 ;
; SLD_NODE_PARAMETER_ASSIGNMENT       ; SLD_TRIGGER_PIPELINE=0                                                            ; --              ; --          ; auto_signaltap_0 ;
; SLD_NODE_PARAMETER_ASSIGNMENT       ; SLD_RAM_PIPELINE=0                                                                ; --              ; --          ; auto_signaltap_0 ;
; SLD_NODE_PARAMETER_ASSIGNMENT       ; SLD_COUNTER_PIPELINE=0                                                            ; --              ; --          ; auto_signaltap_0 ;
; SLD_NODE_PARAMETER_ASSIGNMENT       ; SLD_ADVANCED_TRIGGER_ENTITY=sld_reserved_ServoController_auto_signaltap_0_1_8ac0, ; --              ; --          ; auto_signaltap_0 ;
; SLD_NODE_PARAMETER_ASSIGNMENT       ; SLD_TRIGGER_LEVEL_PIPELINE=1                                                      ; --              ; --          ; auto_signaltap_0 ;
; SLD_NODE_PARAMETER_ASSIGNMENT       ; SLD_ENABLE_ADVANCED_TRIGGER=1                                                     ; --              ; --          ; auto_signaltap_0 ;
; TOP_LEVEL_ENTITY                    ; top                                                                               ; ServoController ; --          ; --               ;
; USE_SIGNALTAP_FILE                  ; stp1.stp                                                                          ; --              ; --          ; --               ;
+-------------------------------------+-----------------------------------------------------------------------------------+-----------------+-------------+------------------+


+--------------------------------------------------------------------------------------------------------------------------+
; Flow Elapsed Time                                                                                                        ;
+----------------------+--------------+-------------------------+---------------------+------------------------------------+
; Module Name          ; Elapsed Time ; Average Processors Used ; Peak Virtual Memory ; Total CPU Time (on all processors) ;
+----------------------+--------------+-------------------------+---------------------+------------------------------------+
; Analysis & Synthesis ; 00:01:15     ; 1.0                     ; 5078 MB             ; 00:01:47                           ;
; Fitter               ; 00:01:25     ; 1.2                     ; 7345 MB             ; 00:06:18                           ;
; Assembler            ; 00:00:08     ; 1.0                     ; 4895 MB             ; 00:00:07                           ;
; Timing Analyzer      ; 00:00:10     ; 2.1                     ; 5330 MB             ; 00:00:14                           ;
; Total                ; 00:02:58     ; --                      ; --                  ; 00:08:26                           ;
+----------------------+--------------+-------------------------+---------------------+------------------------------------+


+------------------------------------------------------------------------------------+
; Flow OS Summary                                                                    ;
+----------------------+------------------+------------+------------+----------------+
; Module Name          ; Machine Hostname ; OS Name    ; OS Version ; Processor type ;
+----------------------+------------------+------------+------------+----------------+
; Analysis & Synthesis ; gol-1360-01      ; Windows 10 ; 10.0       ; x86_64         ;
; Fitter               ; gol-1360-01      ; Windows 10 ; 10.0       ; x86_64         ;
; Assembler            ; gol-1360-01      ; Windows 10 ; 10.0       ; x86_64         ;
; Timing Analyzer      ; gol-1360-01      ; Windows 10 ; 10.0       ; x86_64         ;
+----------------------+------------------+------------+------------+----------------+


------------
; Flow Log ;
------------
quartus_map --read_settings_files=on --write_settings_files=off ServoController -c ServoController
quartus_fit --read_settings_files=off --write_settings_files=off ServoController -c ServoController
quartus_asm --read_settings_files=off --write_settings_files=off ServoController -c ServoController
quartus_sta ServoController -c ServoController



