Info: Starting: Create HDL design files for synthesis
Info: qsys-generate S:\CPET_561\De1_Soc_Lab7\hw\nios_system_inst.qsys --synthesis=VHDL --output-directory=S:\CPET_561\De1_Soc_Lab7\hw\nios_system_inst\synthesis --family="Cyclone V" --part=5CSEMA5F31C6
Progress: Loading hw/nios_system_inst.qsys
Progress: Reading input file
Progress: Adding clk_0 [clock_source 18.1]
Progress: Parameterizing module clk_0
Progress: Adding inferred_ram_be_0 [inferred_ram_be 1.0]
Progress: Parameterizing module inferred_ram_be_0
Progress: Adding jtag_uart_0 [altera_avalon_jtag_uart 18.1]
Progress: Parameterizing module jtag_uart_0
Progress: Adding leds [altera_avalon_pio 18.1]
Progress: Parameterizing module leds
Progress: Adding nios2_gen2_0 [altera_nios2_gen2 18.1]
Progress: Parameterizing module nios2_gen2_0
Progress: Adding onchip_memory2_0 [altera_avalon_onchip_memory2 18.1]
Progress: Parameterizing module onchip_memory2_0
Progress: Adding pushbuttons [altera_avalon_pio 18.1]
Progress: Parameterizing module pushbuttons
Progress: Adding sysid_qsys_0 [altera_avalon_sysid_qsys 18.1]
Progress: Parameterizing module sysid_qsys_0
Progress: Building connections
Progress: Parameterizing connections
Progress: Validating
Progress: Done reading input file
Info: nios_system_inst.jtag_uart_0: JTAG UART IP input clock need to be at least double (2x) the operating frequency of JTAG TCK on board
Info: nios_system_inst.pushbuttons: PIO inputs are not hardwired in test bench. Undefined values will be read from PIO inputs during simulation.
Info: nios_system_inst.sysid_qsys_0: System ID is not assigned automatically. Edit the System ID parameter to provide a unique ID
Info: nios_system_inst.sysid_qsys_0: Time stamp will be automatically updated when this component is generated.
Info: nios_system_inst: Generating nios_system_inst "nios_system_inst" for QUARTUS_SYNTH
Info: inferred_ram_be_0: "nios_system_inst" instantiated inferred_ram_be "inferred_ram_be_0"
Info: jtag_uart_0: Starting RTL generation for module 'nios_system_inst_jtag_uart_0'
Info: jtag_uart_0:   Generation command is [exec C:/intelfpga/18.1/quartus/bin64/perl/bin/perl.exe -I C:/intelfpga/18.1/quartus/bin64/perl/lib -I C:/intelfpga/18.1/quartus/sopc_builder/bin/europa -I C:/intelfpga/18.1/quartus/sopc_builder/bin/perl_lib -I C:/intelfpga/18.1/quartus/sopc_builder/bin -I C:/intelfpga/18.1/quartus/../ip/altera/sopc_builder_ip/common -I C:/intelfpga/18.1/quartus/../ip/altera/sopc_builder_ip/altera_avalon_jtag_uart -- C:/intelfpga/18.1/quartus/../ip/altera/sopc_builder_ip/altera_avalon_jtag_uart/generate_rtl.pl --name=nios_system_inst_jtag_uart_0 --dir=C:/Users/avb6403/AppData/Local/Temp/alt9305_1128219370880892439.dir/0033_jtag_uart_0_gen/ --quartus_dir=C:/intelfpga/18.1/quartus --verilog --config=C:/Users/avb6403/AppData/Local/Temp/alt9305_1128219370880892439.dir/0033_jtag_uart_0_gen//nios_system_inst_jtag_uart_0_component_configuration.pl  --do_build_sim=0  ]
Info: jtag_uart_0: Done RTL generation for module 'nios_system_inst_jtag_uart_0'
Info: jtag_uart_0: "nios_system_inst" instantiated altera_avalon_jtag_uart "jtag_uart_0"
Info: leds: Starting RTL generation for module 'nios_system_inst_leds'
Info: leds:   Generation command is [exec C:/intelfpga/18.1/quartus/bin64/perl/bin/perl.exe -I C:/intelfpga/18.1/quartus/bin64/perl/lib -I C:/intelfpga/18.1/quartus/sopc_builder/bin/europa -I C:/intelfpga/18.1/quartus/sopc_builder/bin/perl_lib -I C:/intelfpga/18.1/quartus/sopc_builder/bin -I C:/intelfpga/18.1/quartus/../ip/altera/sopc_builder_ip/common -I C:/intelfpga/18.1/quartus/../ip/altera/sopc_builder_ip/altera_avalon_pio -- C:/intelfpga/18.1/quartus/../ip/altera/sopc_builder_ip/altera_avalon_pio/generate_rtl.pl --name=nios_system_inst_leds --dir=C:/Users/avb6403/AppData/Local/Temp/alt9305_1128219370880892439.dir/0034_leds_gen/ --quartus_dir=C:/intelfpga/18.1/quartus --verilog --config=C:/Users/avb6403/AppData/Local/Temp/alt9305_1128219370880892439.dir/0034_leds_gen//nios_system_inst_leds_component_configuration.pl  --do_build_sim=0  ]
Info: leds: Done RTL generation for module 'nios_system_inst_leds'
Info: leds: "nios_system_inst" instantiated altera_avalon_pio "leds"
Info: nios2_gen2_0: "nios_system_inst" instantiated altera_nios2_gen2 "nios2_gen2_0"
Info: onchip_memory2_0: Starting RTL generation for module 'nios_system_inst_onchip_memory2_0'
Info: onchip_memory2_0:   Generation command is [exec C:/intelfpga/18.1/quartus/bin64/perl/bin/perl.exe -I C:/intelfpga/18.1/quartus/bin64/perl/lib -I C:/intelfpga/18.1/quartus/sopc_builder/bin/europa -I C:/intelfpga/18.1/quartus/sopc_builder/bin/perl_lib -I C:/intelfpga/18.1/quartus/sopc_builder/bin -I C:/intelfpga/18.1/quartus/../ip/altera/sopc_builder_ip/common -I C:/intelfpga/18.1/quartus/../ip/altera/sopc_builder_ip/altera_avalon_onchip_memory2 -- C:/intelfpga/18.1/quartus/../ip/altera/sopc_builder_ip/altera_avalon_onchip_memory2/generate_rtl.pl --name=nios_system_inst_onchip_memory2_0 --dir=C:/Users/avb6403/AppData/Local/Temp/alt9305_1128219370880892439.dir/0035_onchip_memory2_0_gen/ --quartus_dir=C:/intelfpga/18.1/quartus --verilog --config=C:/Users/avb6403/AppData/Local/Temp/alt9305_1128219370880892439.dir/0035_onchip_memory2_0_gen//nios_system_inst_onchip_memory2_0_component_configuration.pl  --do_build_sim=0  ]
Info: onchip_memory2_0: Done RTL generation for module 'nios_system_inst_onchip_memory2_0'
Info: onchip_memory2_0: "nios_system_inst" instantiated altera_avalon_onchip_memory2 "onchip_memory2_0"
Info: pushbuttons: Starting RTL generation for module 'nios_system_inst_pushbuttons'
Info: pushbuttons:   Generation command is [exec C:/intelfpga/18.1/quartus/bin64/perl/bin/perl.exe -I C:/intelfpga/18.1/quartus/bin64/perl/lib -I C:/intelfpga/18.1/quartus/sopc_builder/bin/europa -I C:/intelfpga/18.1/quartus/sopc_builder/bin/perl_lib -I C:/intelfpga/18.1/quartus/sopc_builder/bin -I C:/intelfpga/18.1/quartus/../ip/altera/sopc_builder_ip/common -I C:/intelfpga/18.1/quartus/../ip/altera/sopc_builder_ip/altera_avalon_pio -- C:/intelfpga/18.1/quartus/../ip/altera/sopc_builder_ip/altera_avalon_pio/generate_rtl.pl --name=nios_system_inst_pushbuttons --dir=C:/Users/avb6403/AppData/Local/Temp/alt9305_1128219370880892439.dir/0036_pushbuttons_gen/ --quartus_dir=C:/intelfpga/18.1/quartus --verilog --config=C:/Users/avb6403/AppData/Local/Temp/alt9305_1128219370880892439.dir/0036_pushbuttons_gen//nios_system_inst_pushbuttons_component_configuration.pl  --do_build_sim=0  ]
Info: pushbuttons: Done RTL generation for module 'nios_system_inst_pushbuttons'
Info: pushbuttons: "nios_system_inst" instantiated altera_avalon_pio "pushbuttons"
Info: sysid_qsys_0: "nios_system_inst" instantiated altera_avalon_sysid_qsys "sysid_qsys_0"
Info: avalon_st_adapter: Inserting error_adapter: error_adapter_0
Info: avalon_st_adapter_001: Inserting error_adapter: error_adapter_0
Info: avalon_st_adapter_002: Inserting error_adapter: error_adapter_0
Info: avalon_st_adapter_003: Inserting error_adapter: error_adapter_0
Info: avalon_st_adapter_004: Inserting error_adapter: error_adapter_0
Info: avalon_st_adapter_005: Inserting error_adapter: error_adapter_0
Info: avalon_st_adapter_006: Inserting error_adapter: error_adapter_0
Info: mm_interconnect_0: "nios_system_inst" instantiated altera_mm_interconnect "mm_interconnect_0"
Info: irq_mapper: "nios_system_inst" instantiated altera_irq_mapper "irq_mapper"
Info: rst_controller: "nios_system_inst" instantiated altera_reset_controller "rst_controller"
Info: cpu: Starting RTL generation for module 'nios_system_inst_nios2_gen2_0_cpu'
Info: cpu:   Generation command is [exec C:/intelFPGA/18.1/quartus/bin64//eperlcmd.exe -I C:/intelFPGA/18.1/quartus/bin64//perl/lib -I C:/intelfpga/18.1/quartus/sopc_builder/bin/europa -I C:/intelfpga/18.1/quartus/sopc_builder/bin/perl_lib -I C:/intelfpga/18.1/quartus/sopc_builder/bin -I C:/intelfpga/18.1/quartus/../ip/altera/nios2_ip/altera_nios2_gen2/cpu_lib -I C:/intelfpga/18.1/quartus/../ip/altera/nios2_ip/altera_nios2_gen2/nios_lib -I C:/intelfpga/18.1/quartus/../ip/altera/nios2_ip/altera_nios2_gen2 -I C:/intelfpga/18.1/quartus/../ip/altera/nios2_ip/altera_nios2_gen2 -- C:/intelfpga/18.1/quartus/../ip/altera/nios2_ip/altera_nios2_gen2/generate_rtl.epl --name=nios_system_inst_nios2_gen2_0_cpu --dir=C:/Users/avb6403/AppData/Local/Temp/alt9305_1128219370880892439.dir/0040_cpu_gen/ --quartus_bindir=C:/intelFPGA/18.1/quartus/bin64/ --verilog --config=C:/Users/avb6403/AppData/Local/Temp/alt9305_1128219370880892439.dir/0040_cpu_gen//nios_system_inst_nios2_gen2_0_cpu_processor_configuration.pl  --do_build_sim=0  ]
Info: cpu: # 2022.11.09 17:49:34 (*) Starting Nios II generation
Info: cpu: # 2022.11.09 17:49:34 (*)   Checking for plaintext license.
Info: cpu: # 2022.11.09 17:49:34 (*)   Couldn't query license setup in Quartus directory C:/intelFPGA/18.1/quartus/bin64/
Info: cpu: # 2022.11.09 17:49:34 (*)   Defaulting to contents of LM_LICENSE_FILE environment variable
Info: cpu: # 2022.11.09 17:49:34 (*)   Plaintext license not found.
Info: cpu: # 2022.11.09 17:49:34 (*)   No license required to generate encrypted Nios II/e.
Info: cpu: # 2022.11.09 17:49:34 (*)   Elaborating CPU configuration settings
Info: cpu: # 2022.11.09 17:49:34 (*)   Creating all objects for CPU
Info: cpu: # 2022.11.09 17:49:35 (*)   Generating RTL from CPU objects
Info: cpu: # 2022.11.09 17:49:35 (*)   Creating plain-text RTL
Info: cpu: # 2022.11.09 17:49:36 (*) Done Nios II generation
Info: cpu: Done RTL generation for module 'nios_system_inst_nios2_gen2_0_cpu'
Info: cpu: "nios2_gen2_0" instantiated altera_nios2_gen2_unit "cpu"
Info: nios2_gen2_0_data_master_translator: "mm_interconnect_0" instantiated altera_merlin_master_translator "nios2_gen2_0_data_master_translator"
Info: jtag_uart_0_avalon_jtag_slave_translator: "mm_interconnect_0" instantiated altera_merlin_slave_translator "jtag_uart_0_avalon_jtag_slave_translator"
Info: nios2_gen2_0_data_master_agent: "mm_interconnect_0" instantiated altera_merlin_master_agent "nios2_gen2_0_data_master_agent"
Info: jtag_uart_0_avalon_jtag_slave_agent: "mm_interconnect_0" instantiated altera_merlin_slave_agent "jtag_uart_0_avalon_jtag_slave_agent"
Info: jtag_uart_0_avalon_jtag_slave_agent_rsp_fifo: "mm_interconnect_0" instantiated altera_avalon_sc_fifo "jtag_uart_0_avalon_jtag_slave_agent_rsp_fifo"
Info: router: "mm_interconnect_0" instantiated altera_merlin_router "router"
Info: router_001: "mm_interconnect_0" instantiated altera_merlin_router "router_001"
Info: router_002: "mm_interconnect_0" instantiated altera_merlin_router "router_002"
Info: router_005: "mm_interconnect_0" instantiated altera_merlin_router "router_005"
Info: cmd_demux: "mm_interconnect_0" instantiated altera_merlin_demultiplexer "cmd_demux"
Info: cmd_demux_001: "mm_interconnect_0" instantiated altera_merlin_demultiplexer "cmd_demux_001"
Info: cmd_mux: "mm_interconnect_0" instantiated altera_merlin_multiplexer "cmd_mux"
Info: cmd_mux_003: "mm_interconnect_0" instantiated altera_merlin_multiplexer "cmd_mux_003"
Info: Reusing file S:/CPET_561/De1_Soc_Lab7/hw/nios_system_inst/synthesis/submodules/altera_merlin_arbitrator.sv
Info: rsp_demux: "mm_interconnect_0" instantiated altera_merlin_demultiplexer "rsp_demux"
Info: rsp_mux: "mm_interconnect_0" instantiated altera_merlin_multiplexer "rsp_mux"
Info: Reusing file S:/CPET_561/De1_Soc_Lab7/hw/nios_system_inst/synthesis/submodules/altera_merlin_arbitrator.sv
Info: rsp_mux_001: "mm_interconnect_0" instantiated altera_merlin_multiplexer "rsp_mux_001"
Info: Reusing file S:/CPET_561/De1_Soc_Lab7/hw/nios_system_inst/synthesis/submodules/altera_merlin_arbitrator.sv
Info: avalon_st_adapter: "mm_interconnect_0" instantiated altera_avalon_st_adapter "avalon_st_adapter"
Info: error_adapter_0: "avalon_st_adapter" instantiated error_adapter "error_adapter_0"
Info: nios_system_inst: Done "nios_system_inst" with 30 modules, 43 files
Info: qsys-generate succeeded.
Info: Finished: Create HDL design files for synthesis
