12:45:27 **** Incremental Build of configuration Nios II for project Audio_filter_test3 ****
make all 
Info: Building ../Audio_filter_test3_bsp/
C:/intelFPGA/18.1/nios2eds/bin/gnu/H-x86_64-mingw32/bin/make --no-print-directory -C ../Audio_filter_test3_bsp/
[BSP build complete]
[Audio_filter_test3 build complete]
12:45:40 **** Incremental Build of configuration Nios II for project Audio_filter_test3 ****
make all 
Info: Building ../Audio_filter_test3_bsp/
C:/intelFPGA/18.1/nios2eds/bin/gnu/H-x86_64-mingw32/bin/make --no-print-directory -C ../Audio_filter_test3_bsp/
[BSP build complete]
[Audio_filter_test3 build complete]
12:49:17 **** Incremental Build of configuration Nios II for project Audio_Filter_test ****
make all 
Info: Building ../Audio_Filter_test_bsp/
C:/intelFPGA/18.1/nios2eds/bin/gnu/H-x86_64-mingw32/bin/make --no-print-directory -C ../Audio_Filter_test_bsp/
[BSP build complete]
[Audio_Filter_test build complete]
12:49:19 **** Incremental Build of configuration Nios II for project Audio_Filter_test2 ****
make all 
Info: Building ../Audio_Filter_test2_bsp/
C:/intelFPGA/18.1/nios2eds/bin/gnu/H-x86_64-mingw32/bin/make --no-print-directory -C ../Audio_Filter_test2_bsp/
[BSP build complete]
[Audio_Filter_test2 build complete]
12:49:20 **** Incremental Build of configuration Nios II for project Audio_Filter_test2_bsp ****
make all 
[BSP build complete]
12:49:21 **** Incremental Build of configuration Nios II for project Audio_Filter_test_bsp ****
make all 
[BSP build complete]
12:49:22 **** Incremental Build of configuration Nios II for project Audio_filter_test3 ****
make all 
Info: Building ../Audio_filter_test3_bsp/
C:/intelFPGA/18.1/nios2eds/bin/gnu/H-x86_64-mingw32/bin/make --no-print-directory -C ../Audio_filter_test3_bsp/
[BSP build complete]
[Audio_filter_test3 build complete]
12:49:23 **** Incremental Build of configuration Nios II for project Audio_filter_test3_bsp ****
make all 
[BSP build complete]
12:49:26 **** Incremental Build of configuration Nios II for project Audio_filter_test3 ****
make all 
Info: Building ../Audio_filter_test3_bsp/
C:/intelFPGA/18.1/nios2eds/bin/gnu/H-x86_64-mingw32/bin/make --no-print-directory -C ../Audio_filter_test3_bsp/
[BSP build complete]
[Audio_filter_test3 build complete]
12:57:07 **** Incremental Build of configuration Nios II for project Audio_filter_test3 ****
make all 
Info: Building ../Audio_filter_test3_bsp/
C:/intelFPGA/18.1/nios2eds/bin/gnu/H-x86_64-mingw32/bin/make --no-print-directory -C ../Audio_filter_test3_bsp/
[BSP build complete]
[Audio_filter_test3 build complete]
