Flow report for Embedded_memory
Thu Nov 17 16:54:00 2022
Quartus Prime Version 18.1.0 Build 625 09/12/2018 SJ Standard Edition


---------------------
; Table of Contents ;
---------------------
  1. Legal Notice
  2. Flow Summary
  3. Flow Settings
  4. Flow Non-Default Global Settings
  5. Flow Elapsed Time
  6. Flow OS Summary
  7. Flow Log
  8. Flow Messages
  9. Flow Suppressed Messages



----------------
; Legal Notice ;
----------------
Copyright (C) 2018  Intel Corporation. All rights reserved.
Your use of Intel Corporation's design tools, logic functions 
and other software and tools, and its AMPP partner logic 
functions, and any output files from any of the foregoing 
(including device programming or simulation files), and any 
associated documentation or information are expressly subject 
to the terms and conditions of the Intel Program License 
Subscription Agreement, the Intel Quartus Prime License Agreement,
the Intel FPGA IP License Agreement, or other applicable license
agreement, including, without limitation, that your use is for
the sole purpose of programming logic devices manufactured by
Intel and sold by Intel or its authorized distributors.  Please
refer to the applicable agreement for further details.



+-----------------------------------------------------------------------------------+
; Flow Summary                                                                      ;
+---------------------------------+-------------------------------------------------+
; Flow Status                     ; Successful - Thu Nov 17 16:53:48 2022           ;
; Quartus Prime Version           ; 18.1.0 Build 625 09/12/2018 SJ Standard Edition ;
; Revision Name                   ; Embedded_memory                                 ;
; Top-level Entity Name           ; top                                             ;
; Family                          ; Cyclone V                                       ;
; Device                          ; 5CSEMA5F31C6                                    ;
; Timing Models                   ; Final                                           ;
; Logic utilization (in ALMs)     ; 726 / 32,070 ( 2 % )                            ;
; Total registers                 ; 965                                             ;
; Total pins                      ; 11 / 457 ( 2 % )                                ;
; Total virtual pins              ; 0                                               ;
; Total block memory bits         ; 273,408 / 4,065,280 ( 7 % )                     ;
; Total DSP Blocks                ; 0 / 87 ( 0 % )                                  ;
; Total HSSI RX PCSs              ; 0                                               ;
; Total HSSI PMA RX Deserializers ; 0                                               ;
; Total HSSI TX PCSs              ; 0                                               ;
; Total HSSI PMA TX Serializers   ; 0                                               ;
; Total PLLs                      ; 0 / 6 ( 0 % )                                   ;
; Total DLLs                      ; 0 / 4 ( 0 % )                                   ;
+---------------------------------+-------------------------------------------------+


+-----------------------------------------+
; Flow Settings                           ;
+-------------------+---------------------+
; Option            ; Setting             ;
+-------------------+---------------------+
; Start date & time ; 11/17/2022 16:51:25 ;
; Main task         ; Compilation         ;
; Revision Name     ; Embedded_memory     ;
+-------------------+---------------------+


+----------------------------------------------------------------------------------------------------------------------------------------------------------------------+
; Flow Non-Default Global Settings                                                                                                                                     ;
+-------------------------------------+-------------------------------------------------------------------------+-----------------+-----------------------+------------+
; Assignment Name                     ; Value                                                                   ; Default Value   ; Entity Name           ; Section Id ;
+-------------------------------------+-------------------------------------------------------------------------+-----------------+-----------------------+------------+
; COMPILER_SIGNATURE_ID               ; 154946508794421.166872188502544                                         ; --              ; --                    ; --         ;
; MAX_CORE_JUNCTION_TEMP              ; 85                                                                      ; --              ; --                    ; --         ;
; MIN_CORE_JUNCTION_TEMP              ; 0                                                                       ; --              ; --                    ; --         ;
; MISC_FILE                           ; nios_system_inst_5/synthesis/../nios_system_inst_ver4.cmp               ; --              ; --                    ; --         ;
; MISC_FILE                           ; nios_system_inst_5/synthesis/../../nios_system_inst_ver4.qsys           ; --              ; --                    ; --         ;
; PARTITION_COLOR                     ; -- (Not supported for targeted family)                                  ; --              ; top                   ; Top        ;
; PARTITION_FITTER_PRESERVATION_LEVEL ; -- (Not supported for targeted family)                                  ; --              ; top                   ; Top        ;
; PARTITION_NETLIST_TYPE              ; -- (Not supported for targeted family)                                  ; --              ; top                   ; Top        ;
; POWER_BOARD_THERMAL_MODEL           ; None (CONSERVATIVE)                                                     ; --              ; --                    ; --         ;
; POWER_PRESET_COOLING_SOLUTION       ; 23 MM HEAT SINK WITH 200 LFPM AIRFLOW                                   ; --              ; --                    ; --         ;
; PROJECT_OUTPUT_DIRECTORY            ; output_files                                                            ; --              ; --                    ; --         ;
; SLD_FILE                            ; nios_system_inst_5/synthesis/nios_system_inst_ver4.regmap               ; --              ; --                    ; --         ;
; SLD_FILE                            ; nios_system_inst_5/synthesis/nios_system_inst_ver4.debuginfo            ; --              ; --                    ; --         ;
; SLD_INFO                            ; QSYS_NAME nios_system_inst_ver4 HAS_SOPCINFO 1 GENERATION_ID 1668718495 ; --              ; nios_system_inst_ver4 ; --         ;
; SOPCINFO_FILE                       ; nios_system_inst_5/synthesis/../../nios_system_inst_ver4.sopcinfo       ; --              ; --                    ; --         ;
; SYNTHESIS_ONLY_QIP                  ; On                                                                      ; --              ; --                    ; --         ;
; TOP_LEVEL_ENTITY                    ; top                                                                     ; Embedded_memory ; --                    ; --         ;
+-------------------------------------+-------------------------------------------------------------------------+-----------------+-----------------------+------------+


+--------------------------------------------------------------------------------------------------------------------------+
; Flow Elapsed Time                                                                                                        ;
+----------------------+--------------+-------------------------+---------------------+------------------------------------+
; Module Name          ; Elapsed Time ; Average Processors Used ; Peak Virtual Memory ; Total CPU Time (on all processors) ;
+----------------------+--------------+-------------------------+---------------------+------------------------------------+
; Analysis & Synthesis ; 00:00:45     ; 1.0                     ; 5005 MB             ; 00:00:44                           ;
; Fitter               ; 00:01:07     ; 1.1                     ; 7022 MB             ; 00:03:32                           ;
; Assembler            ; 00:00:10     ; 1.0                     ; 4874 MB             ; 00:00:07                           ;
; Timing Analyzer      ; 00:00:11     ; 1.4                     ; 5229 MB             ; 00:00:10                           ;
; Total                ; 00:02:13     ; --                      ; --                  ; 00:04:33                           ;
+----------------------+--------------+-------------------------+---------------------+------------------------------------+


+------------------------------------------------------------------------------------+
; Flow OS Summary                                                                    ;
+----------------------+------------------+------------+------------+----------------+
; Module Name          ; Machine Hostname ; OS Name    ; OS Version ; Processor type ;
+----------------------+------------------+------------+------------+----------------+
; Analysis & Synthesis ; ent-3125-02      ; Windows 10 ; 10.0       ; x86_64         ;
; Fitter               ; ent-3125-02      ; Windows 10 ; 10.0       ; x86_64         ;
; Assembler            ; ent-3125-02      ; Windows 10 ; 10.0       ; x86_64         ;
; Timing Analyzer      ; ent-3125-02      ; Windows 10 ; 10.0       ; x86_64         ;
+----------------------+------------------+------------+------------+----------------+


------------
; Flow Log ;
------------
quartus_map --read_settings_files=on --write_settings_files=off Embedded_memory -c Embedded_memory
quartus_fit --read_settings_files=off --write_settings_files=off Embedded_memory -c Embedded_memory
quartus_asm --read_settings_files=off --write_settings_files=off Embedded_memory -c Embedded_memory
quartus_sta Embedded_memory -c Embedded_memory



